TN:
SF:script/FenixProd.s.sol
FN:9,FenixProdScript.setUp
FNDA:0,FenixProdScript.setUp
FN:11,FenixProdScript.run
FNDA:0,FenixProdScript.run
DA:12,0
DA:13,0
DA:15,0
DA:16,0
DA:18,0
FNF:2
FNH:0
LF:5
LH:0
BRF:0
BRH:0
end_of_record
TN:
SF:script/LocalFenix.s.sol
FN:10,FenixLocalScript.setUp
FNDA:0,FenixLocalScript.setUp
FN:12,FenixLocalScript.run
FNDA:0,FenixLocalScript.run
DA:13,0
DA:14,0
DA:16,0
DA:17,0
DA:19,0
DA:20,0
DA:22,0
FNF:2
FNH:0
LF:7
LH:0
BRF:0
BRH:0
end_of_record
TN:
SF:src/Fenix.sol
FN:150,Fenix.supportsInterface
FNDA:8,Fenix.supportsInterface
DA:151,8
FN:158,Fenix.onTokenBurned
FNDA:8,Fenix.onTokenBurned
DA:159,8
BRDA:159,0,0,-
BRDA:159,0,1,8
DA:160,8
BRDA:160,1,0,-
BRDA:160,1,1,8
DA:161,8
BRDA:161,2,0,-
BRDA:161,2,1,8
DA:163,8
DA:164,8
DA:165,8
DA:166,8
FN:172,Fenix.burnXEN
FNDA:8,Fenix.burnXEN
DA:173,8
FN:180,Fenix.startStake
FNDA:73,Fenix.startStake
DA:181,73
BRDA:181,3,0,1
BRDA:181,3,1,72
DA:182,72
BRDA:182,4,0,1
BRDA:182,4,1,71
DA:183,71
BRDA:183,5,0,1
BRDA:183,5,1,70
DA:184,70
DA:187,70
DA:188,70
DA:190,70
DA:192,70
DA:193,70
BRDA:193,6,0,60
BRDA:193,6,1,70
DA:194,60
DA:195,60
DA:196,60
DA:197,60
DA:200,70
DA:202,70
DA:203,70
FN:210,Fenix.deferStake
FNDA:9,Fenix.deferStake
DA:211,67
BRDA:211,7,0,1
BRDA:211,7,1,66
DA:212,66
DA:214,66
BRDA:214,8,0,3
BRDA:214,8,1,63
DA:215,63
DA:217,63
BRDA:217,9,0,1
BRDA:217,9,1,62
DA:219,62
DA:220,62
BRDA:220,10,0,2
BRDA:220,10,1,60
DA:221,2
DA:223,60
DA:226,62
DA:227,62
DA:228,62
DA:230,62
DA:232,62
DA:242,62
DA:244,62
DA:245,62
DA:247,62
FN:253,Fenix.endStake
FNDA:58,Fenix.endStake
DA:254,58
DA:256,57
DA:257,57
BRDA:257,11,0,1
BRDA:257,11,1,56
DA:259,56
DA:260,56
DA:262,56
DA:263,56
BRDA:263,12,0,13
BRDA:263,12,1,56
DA:264,13
DA:265,13
DA:268,56
DA:278,56
DA:280,56
FN:288,Fenix.calculateBonus
FNDA:6,Fenix.calculateBonus
DA:289,76
DA:290,76
BRDA:290,13,0,74
BRDA:290,13,1,76
DA:291,74
DA:293,76
DA:294,76
DA:295,76
FN:302,Fenix.calculateEarlyPayout
FNDA:7,Fenix.calculateEarlyPayout
DA:303,67
DA:304,67
BRDA:304,14,0,1
BRDA:304,14,1,66
DA:305,66
BRDA:305,15,0,1
BRDA:305,15,1,65
DA:306,65
DA:307,65
DA:308,65
DA:309,65
FN:316,Fenix.calculateLatePayout
FNDA:5,Fenix.calculateLatePayout
DA:317,7
DA:318,7
BRDA:318,16,0,-
BRDA:318,16,1,7
DA:319,7
BRDA:319,17,0,-
BRDA:319,17,1,7
DA:321,7
DA:323,7
BRDA:323,18,0,1
BRDA:323,18,1,6
DA:325,6
DA:326,6
DA:327,6
FN:332,Fenix.flushRewardPool
FNDA:6,Fenix.flushRewardPool
DA:333,6
BRDA:333,19,0,2
BRDA:333,19,1,4
DA:334,4
DA:335,4
DA:336,4
DA:337,4
DA:338,4
FN:346,Fenix.stakeFor
FNDA:12,Fenix.stakeFor
DA:347,12
FN:354,Fenix.stakeCount
FNDA:7,Fenix.stakeCount
DA:355,7
FNF:12
FNH:12
LF:84
LH:84
BRF:40
BRH:35
end_of_record
TN:
SF:test/Helpers.t.sol
FN:12,HelpersTest.getFenixFor
FNDA:2,HelpersTest.getFenixFor
DA:13,2
DA:14,7
DA:15,7
DA:16,7
DA:18,7
DA:19,7
DA:21,7
DA:22,7
FN:26,HelpersTest.batchDealTo
FNDA:2,HelpersTest.batchDealTo
DA:27,2
DA:28,7
DA:29,7
FN:33,HelpersTest.printStake
FNDA:0,HelpersTest.printStake
DA:34,0
DA:35,0
DA:36,0
DA:37,0
DA:38,0
DA:39,0
DA:40,0
FNF:3
FNH:2
LF:18
LH:11
BRF:0
BRH:0
end_of_record
