TN:
SF:script/FENIXLocal.s.sol
FN:10,FENIXLocalScript.setUp
FNDA:0,FENIXLocalScript.setUp
FN:12,FENIXLocalScript.run
FNDA:0,FENIXLocalScript.run
DA:13,0
DA:14,0
DA:16,0
DA:17,0
DA:19,0
FNF:2
FNH:0
LF:5
LH:0
BRF:0
BRH:0
end_of_record
TN:
SF:script/FENIXProd.s.sol
FN:9,FENIXProdScript.setUp
FNDA:0,FENIXProdScript.setUp
FN:11,FENIXProdScript.run
FNDA:0,FENIXProdScript.run
DA:12,0
DA:14,0
DA:16,0
DA:17,0
DA:19,0
FNF:2
FNH:0
LF:5
LH:0
BRF:0
BRH:0
end_of_record
TN:
SF:script/XENLocal.s.sol
FN:10,XENLocalScript.setUp
FNDA:0,XENLocalScript.setUp
FN:12,XENLocalScript.run
FNDA:0,XENLocalScript.run
DA:13,0
DA:14,0
DA:16,0
DA:17,0
DA:19,0
FNF:2
FNH:0
LF:5
LH:0
BRF:0
BRH:0
end_of_record
TN:
SF:src/Fenix.sol
FN:139,Fenix.supportsInterface
FNDA:9,Fenix.supportsInterface
DA:140,9
FN:147,Fenix.onTokenBurned
FNDA:11,Fenix.onTokenBurned
DA:148,11
BRDA:148,0,0,1
BRDA:148,0,1,10
DA:149,10
BRDA:149,1,0,1
BRDA:149,1,1,9
DA:150,9
BRDA:150,2,0,1
BRDA:150,2,1,8
DA:152,8
DA:153,8
DA:154,8
DA:155,8
FN:161,Fenix.burnXEN
FNDA:7,Fenix.burnXEN
DA:162,7
FN:169,Fenix.startStake
FNDA:367,Fenix.startStake
DA:170,367
BRDA:170,3,0,1
BRDA:170,3,1,366
DA:171,366
BRDA:171,4,0,1
BRDA:171,4,1,365
DA:173,365
DA:174,365
DA:176,365
DA:177,364
DA:179,364
DA:180,364
DA:182,364
DA:184,364
DA:185,364
DA:187,364
DA:188,364
DA:190,364
DA:191,364
FN:198,Fenix.deferStake
FNDA:9,Fenix.deferStake
DA:199,361
BRDA:199,5,0,1
BRDA:199,5,1,360
DA:200,360
DA:202,360
BRDA:202,6,0,3
BRDA:202,6,1,357
DA:204,357
BRDA:204,7,0,1
BRDA:204,7,1,356
DA:205,1
DA:207,356
DA:208,356
BRDA:208,8,0,2
BRDA:208,8,1,354
DA:209,2
DA:211,354
DA:214,356
DA:215,356
DA:217,356
DA:219,356
DA:230,356
DA:232,356
DA:233,356
DA:235,356
FN:241,Fenix.endStake
FNDA:352,Fenix.endStake
DA:242,352
DA:244,351
DA:245,351
BRDA:245,9,0,1
BRDA:245,9,1,350
DA:247,350
DA:249,350
DA:251,350
BRDA:251,10,0,24
BRDA:251,10,1,350
DA:252,24
DA:253,24
DA:256,350
DA:267,350
DA:268,350
FN:276,Fenix.calculateBonus
FNDA:5,Fenix.calculateBonus
DA:277,370
DA:278,370
DA:279,369
DA:280,369
FN:287,Fenix.calculateSizeBonus
FNDA:256,Fenix.calculateSizeBonus
DA:288,626
BRDA:288,11,0,165
BRDA:288,11,1,461
DA:289,461
FN:296,Fenix.calculateTimeBonus
FNDA:256,Fenix.calculateTimeBonus
DA:297,626
BRDA:297,12,0,174
BRDA:297,12,1,452
DA:298,452
DA:299,452
FN:306,Fenix.calculateShares
FNDA:257,Fenix.calculateShares
DA:307,621
BRDA:307,13,0,299
BRDA:307,13,1,322
DA:308,322
DA:309,322
FN:316,Fenix.calculateEarlyPayout
FNDA:14,Fenix.calculateEarlyPayout
DA:317,368
BRDA:317,14,0,7
BRDA:317,14,1,361
DA:318,361
BRDA:318,15,0,1
BRDA:318,15,1,360
DA:319,360
DA:320,360
DA:321,360
DA:322,360
FN:329,Fenix.calculateLatePayout
FNDA:14,Fenix.calculateLatePayout
DA:330,16
BRDA:330,16,0,7
BRDA:330,16,1,9
DA:331,9
BRDA:331,17,0,1
BRDA:331,17,1,8
DA:333,8
DA:334,8
BRDA:334,18,0,1
BRDA:334,18,1,7
DA:336,7
DA:337,7
DA:338,7
FN:343,Fenix.flushRewardPool
FNDA:6,Fenix.flushRewardPool
DA:344,6
BRDA:344,19,0,2
BRDA:344,19,1,4
DA:345,4
DA:346,4
DA:347,4
DA:348,4
DA:349,4
FN:357,Fenix.stakeFor
FNDA:15,Fenix.stakeFor
DA:358,15
FN:365,Fenix.stakeCount
FNDA:7,Fenix.stakeCount
DA:366,7
FNF:15
FNH:15
LF:85
LH:85
BRF:40
BRH:40
end_of_record
TN:
SF:test/Helpers.t.sol
FN:13,HelpersTest.getFenixFor
FNDA:1,HelpersTest.getFenixFor
DA:14,1
DA:15,6
DA:16,6
DA:17,6
DA:19,6
DA:20,6
DA:22,6
DA:23,6
FN:28,HelpersTest.batchDealTo
FNDA:1,HelpersTest.batchDealTo
DA:29,1
DA:30,6
DA:31,6
FN:36,HelpersTest.printStake
FNDA:0,HelpersTest.printStake
DA:37,0
DA:38,0
DA:39,0
DA:40,0
DA:41,0
DA:42,0
DA:43,0
DA:44,0
DA:45,0
DA:46,0
FNF:3
FNH:2
LF:21
LH:11
BRF:0
BRH:0
end_of_record
